Arguments: 
  /usr/local/Cellar/node/14.0.0/bin/node /usr/local/Cellar/yarn/1.22.4/libexec/bin/yarn.js install

PATH: 
  /usr/local/bin:/usr/bin:/bin:/usr/sbin:/sbin:/Library/TeX/texbin:/usr/local/share/dotnet:~/.dotnet/tools:/Library/Apple/usr/bin:/Library/Frameworks/Mono.framework/Versions/Current/Commands

Yarn version: 
  1.22.4

Node version: 
  14.0.0

Platform: 
  darwin x64

Trace: 
  SyntaxError: /Users/mvictoras/src/www/package.json: Unexpected token < in JSON at position 718
      at JSON.parse (<anonymous>)
      at /usr/local/Cellar/yarn/1.22.4/libexec/lib/cli.js:1625:59
      at Generator.next (<anonymous>)
      at step (/usr/local/Cellar/yarn/1.22.4/libexec/lib/cli.js:310:30)
      at /usr/local/Cellar/yarn/1.22.4/libexec/lib/cli.js:321:13

npm manifest: 
  {
    "name": "www",
    "version": "1.0.0",
    "scripts": {
      "start": "hugo server",
      "build": "hugo --minify && npm run build:functions",
      "build:functions": "netlify-lambda build assets/lambda",
      "build:preview": "npm run build -D -F",
      "server": "hugo server",
      "clean": "rimraf public resources functions",
      "clean:deps": "node scripts/clean-deps",
      "copy:deps": "node scripts/copy-deps",
      "lint": "npm run -s lint:scripts && npm run -s lint:styles",
      "lint:scripts": "eslint assets/js assets/lambda config",
      "lint:styles": "stylelint \"assets/scss/**/*.{css,sass,scss,sss,less}\"",
      "test": "npm run -s lint"
    },
    "devDependencies": {
      "@fullhuman/postcss-purgecss": "^2.1",
  <<<<<<< HEAD
      "autoprefixer": "^9.8",
      "eslint": "^6.8",
  =======
      "autoprefixer": "^9.7",
      "eslint": "^7.0",
  >>>>>>> remotes/origin/dependabot/npm_and_yarn/eslint-7.0.0
      "ga-lite": "^2.0.5",
      "netlify-lambda": "^1.6",
      "postcss-cli": "^7.1",
      "purgecss-whitelister": "^2.4",
      "rimraf": "^3.0",
      "shelljs": "^0.8.4",
      "stylelint": "^13.5",
      "stylelint-config-standard": "^20.0"
    },
    "dependencies": {
      "bootstrap": "^4.5.0",
      "font-awesome": "^4.7.0",
      "jquery": "^3.5.0",
      "photoswipe": "^4.1.3",
      "popper.js": "^1.16.1",
      "prismjs": "^1.20.0",
      "processing-js": "^1.6.6",
      "rrssb": "^1.14.0"
    }
  }

yarn manifest: 
  No manifest

Lockfile: 
  No lockfile
